2025-03-11 23:03:03,357 - INFO - Connecting to DecisionMaker...
2025-03-11 23:03:03,357 - ERROR - An unexpected error occurred while connecting to DecisonMaker: 'bool' object has no attribute 'socket'
Traceback (most recent call last):
  File ".\gazeclient.py", line 47, in main
    sGaze = socket.socket(socket.AF_INET, socket.SOCK_STREAM)
AttributeError: 'bool' object has no attribute 'socket'
2025-03-11 23:04:38,015 - INFO - Connecting to DecisionMaker...
2025-03-11 23:04:38,016 - INFO - Connected to DecisionMaker.
2025-03-11 23:04:38,016 - INFO - Identify participant gaze - Client 1 gaze
2025-03-11 23:12:51,961 - INFO - Connecting to DecisionMaker...
2025-03-11 23:12:51,962 - INFO - Connected to DecisionMaker.
2025-03-11 23:12:51,962 - INFO - Identify participant gaze - Client 1 gaze
2025-03-11 23:31:34,878 - INFO - Connecting to DecisionMaker...
2025-03-11 23:31:34,879 - INFO - Connected to DecisionMaker.
2025-03-11 23:31:34,879 - INFO - Identify participant gaze - Client 1 gaze
2025-03-16 17:07:40,362 - INFO - Target - Robot - 0.36685070647452406 - 0.13329733782897304
2025-03-16 17:07:40,510 - INFO - Target - Center - 0.0007957525337156763 - 0.118944231133991
2025-03-16 17:07:40,628 - INFO - Target - Center - 0.019736154206359217 - 0.22375107162129634
2025-03-16 17:07:40,744 - INFO - Target - Center - -1.5712650431467504e-05 - 0.14195793769391074
2025-03-16 17:07:40,848 - INFO - Target - Center - 0.031957134132623834 - 0.1511391855519589
2025-03-16 17:07:40,956 - INFO - Target - Center - 0.017136110034114856 - 0.14835351905173602
2025-03-16 17:07:41,065 - INFO - Target - Center - -0.010054232063376148 - 0.10723271392425854
2025-03-16 17:07:41,174 - INFO - Target - Center - -0.034575287800280734 - 0.12039485497975715
2025-03-16 17:07:41,280 - INFO - Target - Center - 0.025995115400263443 - 0.2374783354601098
2025-03-16 17:07:41,390 - INFO - Target - Center - 0.027564782546756147 - 0.14845791496646712
2025-03-16 17:07:41,506 - INFO - Target - Center - 0.02534770093926518 - 0.10601485035776531
2025-03-16 17:07:41,612 - INFO - Target - Center - 0.0026178873515478912 - 0.1336185150564366
2025-03-16 17:07:41,716 - INFO - Target - Center - 0.1676278811250755 - 0.061136058616077
2025-03-16 17:07:41,829 - INFO - Target - Robot - 0.3144314404223854 - 0.0646277291212799
2025-03-16 17:07:41,926 - INFO - Target - Robot - 0.5816780579151829 - -0.006796120785773208
2025-03-16 17:07:42,038 - INFO - Target - Robot - 0.4449881191735579 - 0.017212276441291124
2025-03-16 17:07:42,144 - INFO - Target - Robot - 0.5742169458052169 - 0.04881920489056954
2025-03-16 17:07:42,269 - INFO - Target - Robot - 0.590216418686086 - 0.11032304605318648
2025-03-16 17:07:42,378 - INFO - Target - Center - -0.06516648660980293 - 0.09008675019411039
2025-03-16 17:07:42,492 - INFO - Target - Shrek - -1.64949486753561 - 0.08063891991094528
2025-03-16 17:07:42,598 - INFO - Target - Center - 1.1246223019879265 - 0.15552967292506353
2025-03-16 17:07:42,720 - INFO - Target - Center - -0.03952317478953895 - 0.26923786303984976
2025-03-16 17:07:42,832 - INFO - Target - Center - -0.08307890810167588 - 0.10671259856336605
2025-03-16 17:07:42,949 - INFO - Target - Center - 0.05752534481014757 - 0.17416381107234796
2025-03-16 17:07:43,058 - INFO - Target - Center - 0.06252915818229746 - 0.11012091212644948
2025-03-16 17:07:43,166 - INFO - Target - Center - -0.0003675162304309349 - 0.0741059194408719
2025-03-16 17:07:43,273 - INFO - Target - Center - 0.032429046277785874 - 0.12556911066167212
2025-03-16 17:07:43,383 - INFO - Target - Center - -0.0455541693941324 - 0.13738848589555278
2025-03-16 17:07:43,490 - INFO - Target - Center - -0.04723755351917148 - 0.14416942666311253
2025-03-16 17:07:43,602 - INFO - Target - Center - -0.00015126754991650072 - 0.08678549570684815
2025-03-16 17:07:43,721 - INFO - Target - Center - -0.03574015446108139 - 0.0901208386560634
2025-03-16 17:07:43,840 - INFO - Target - Center - -0.058551194462046104 - 0.09526420166933344
2025-03-16 17:07:43,969 - INFO - Target - Robot - 0.22341524700783735 - -0.12633183999787082
2025-03-16 17:07:44,088 - INFO - Target - Robot - 0.49096653012934 - -0.036385172077098585
2025-03-16 17:07:44,203 - INFO - Target - Robot - 0.4127995563422062 - -0.014062555820054409
2025-03-16 17:07:44,314 - INFO - Target - Robot - 0.338718137983363 - -0.117465111464561
2025-03-16 17:07:44,431 - INFO - Target - Robot - 0.2546152444425517 - -0.0944356922542098
2025-03-16 17:07:44,548 - INFO - Target - Center - -0.09860726778570991 - 0.0571799328167643
2025-03-16 17:07:44,653 - INFO - Target - Center - -0.021524999510565444 - 0.10226165743351665
2025-03-16 17:07:44,780 - INFO - Target - Center - 0.0675620000103292 - 0.004712996181113227
2025-03-16 17:07:44,894 - INFO - Target - Center - -0.18464015416850169 - 0.0052107409888490375
2025-03-16 17:07:45,037 - INFO - Target - Center - 0.16830432404195564 - -0.06687889919072387
2025-03-16 17:07:45,162 - INFO - Target - Center - 0.0323763156882023 - 0.030090524524587294
2025-03-16 17:07:45,285 - INFO - Target - Center - 0.006554572074903021 - -0.08979806353194579
2025-03-16 17:07:45,396 - INFO - Target - Center - 0.08214041013353196 - -0.25733193507054153
2025-03-16 17:07:45,509 - INFO - Target - Center - 0.019878367008569448 - -0.30717725592911854
2025-03-16 17:07:45,619 - INFO - Target - Center - -0.06005721205848591 - -0.2649238083900304
2025-03-16 17:07:45,734 - INFO - Target - Center - 0.017068465742426844 - -0.3203095695804083
2025-03-16 17:07:45,846 - INFO - Target - Center - 0.02067065743286802 - 0.02490401830165798
